E:\УНИВЕР\8 СЕМЕСТР\Компьютерная графика\Лабораторные\LAB_4\SOLARSYSTEM\SOLARSYSTEM\DEBUG\MAIN.OBJ
E:\УНИВЕР\8 СЕМЕСТР\КОМПЬЮТЕРНАЯ ГРАФИКА\ЛАБОРАТОРНЫЕ\LAB_4\SOLARSYSTEM\SOLARSYSTEM\DEBUG\VC110.PDB
E:\УНИВЕР\8 СЕМЕСТР\Компьютерная графика\Лабораторные\Lab_4\SolarSystem\SolarSystem\Debug\main.obj
E:\УНИВЕР\8 СЕМЕСТР\Компьютерная графика\Лабораторные\Lab_4\SolarSystem\SolarSystem\Debug\cl.command.1.tlog
E:\УНИВЕР\8 СЕМЕСТР\Компьютерная графика\Лабораторные\Lab_4\SolarSystem\SolarSystem\Debug\CL.read.1.tlog
E:\УНИВЕР\8 СЕМЕСТР\Компьютерная графика\Лабораторные\Lab_4\SolarSystem\SolarSystem\Debug\CL.write.1.tlog
E:\УНИВЕР\8 СЕМЕСТР\Компьютерная графика\Лабораторные\Lab_4\SolarSystem\SolarSystem\Debug\link-cvtres.read.1.tlog
E:\УНИВЕР\8 СЕМЕСТР\Компьютерная графика\Лабораторные\Lab_4\SolarSystem\SolarSystem\Debug\link-cvtres.write.1.tlog
E:\УНИВЕР\8 СЕМЕСТР\Компьютерная графика\Лабораторные\Lab_4\SolarSystem\SolarSystem\Debug\link-rc.read.1.tlog
E:\УНИВЕР\8 СЕМЕСТР\Компьютерная графика\Лабораторные\Lab_4\SolarSystem\SolarSystem\Debug\link-rc.write.1.tlog
E:\УНИВЕР\8 СЕМЕСТР\Компьютерная графика\Лабораторные\Lab_4\SolarSystem\SolarSystem\Debug\link.15864-cvtres.read.1.tlog
E:\УНИВЕР\8 СЕМЕСТР\Компьютерная графика\Лабораторные\Lab_4\SolarSystem\SolarSystem\Debug\link.15864-cvtres.write.1.tlog
E:\УНИВЕР\8 СЕМЕСТР\Компьютерная графика\Лабораторные\Lab_4\SolarSystem\SolarSystem\Debug\link.15864-rc.read.1.tlog
E:\УНИВЕР\8 СЕМЕСТР\Компьютерная графика\Лабораторные\Lab_4\SolarSystem\SolarSystem\Debug\link.15864-rc.write.1.tlog
E:\УНИВЕР\8 СЕМЕСТР\Компьютерная графика\Лабораторные\Lab_4\SolarSystem\SolarSystem\Debug\link.15864.read.1.tlog
E:\УНИВЕР\8 СЕМЕСТР\Компьютерная графика\Лабораторные\Lab_4\SolarSystem\SolarSystem\Debug\link.15864.write.1.tlog
E:\УНИВЕР\8 СЕМЕСТР\Компьютерная графика\Лабораторные\Lab_4\SolarSystem\SolarSystem\Debug\link.17508-cvtres.read.1.tlog
E:\УНИВЕР\8 СЕМЕСТР\Компьютерная графика\Лабораторные\Lab_4\SolarSystem\SolarSystem\Debug\link.17508-cvtres.write.1.tlog
E:\УНИВЕР\8 СЕМЕСТР\Компьютерная графика\Лабораторные\Lab_4\SolarSystem\SolarSystem\Debug\link.17508-rc.read.1.tlog
E:\УНИВЕР\8 СЕМЕСТР\Компьютерная графика\Лабораторные\Lab_4\SolarSystem\SolarSystem\Debug\link.17508-rc.write.1.tlog
E:\УНИВЕР\8 СЕМЕСТР\Компьютерная графика\Лабораторные\Lab_4\SolarSystem\SolarSystem\Debug\link.17508.read.1.tlog
E:\УНИВЕР\8 СЕМЕСТР\Компьютерная графика\Лабораторные\Lab_4\SolarSystem\SolarSystem\Debug\link.17508.write.1.tlog
E:\УНИВЕР\8 СЕМЕСТР\Компьютерная графика\Лабораторные\Lab_4\SolarSystem\SolarSystem\Debug\link.command.1.tlog
E:\УНИВЕР\8 СЕМЕСТР\Компьютерная графика\Лабораторные\Lab_4\SolarSystem\SolarSystem\Debug\link.read.1.tlog
E:\УНИВЕР\8 СЕМЕСТР\Компьютерная графика\Лабораторные\Lab_4\SolarSystem\SolarSystem\Debug\link.write.1.tlog
E:\УНИВЕР\8 СЕМЕСТР\Компьютерная графика\Лабораторные\Lab_4\SolarSystem\SolarSystem\Debug\vc110.idb
E:\УНИВЕР\8 СЕМЕСТР\Компьютерная графика\Лабораторные\Lab_4\SolarSystem\SolarSystem\Debug\vc110.pdb
E:\УНИВЕР\8 СЕМЕСТР\Компьютерная графика\Лабораторные\Lab_4\SolarSystem\Debug\SolarSystem.pdb
E:\УНИВЕР\8 СЕМЕСТР\Компьютерная графика\Лабораторные\Lab_4\SolarSystem\Debug\SolarSystem.exe
E:\УНИВЕР\8 СЕМЕСТР\Компьютерная графика\Лабораторные\Lab_4\SolarSystem\Debug\SolarSystem.ilk
